Build started 2017/9/14 19:32:54.
     1>Project "E:\vsprojects\git-opengl\opengl-light\opengl-light\opengl-light\opengl-light.vcxproj" on node 2 (Build target(s)).
     1>ClCompile:
         E:\vs2013\VC\bin\CL.exe /c /ZI /nologo /W3 /WX- /Od /Oy- /D WIN32 /D _DEBUG /D _CONSOLE /D _LIB /D _UNICODE /D UNICODE /Gm /EHsc /RTC1 /MDd /GS /fp:precise /Zc:wchar_t /Zc:forScope /Fo"Debug\\" /Fd"Debug\vc120.pdb" /Gd /TP /analyze- /errorReport:prompt stb_image_implementation.cpp BTBind.cpp main.cpp
         main.cpp
     1>e:\vsprojects\git-opengl\opengl-light\opengl-light\opengl-light\readfile.h(19): warning C4996: 'strcpy': This function or variable may be unsafe. Consider using strcpy_s instead. To disable deprecation, use _CRT_SECURE_NO_WARNINGS. See online help for details.
                 e:\vs2013\vc\include\string.h(112) : see declaration of 'strcpy'
     1>e:\vsprojects\git-opengl\opengl-light\opengl-light\opengl-light\main.cpp(99): warning C4244: 'initializing' : conversion from 'double' to 'GLfloat', possible loss of data
     1>e:\vsprojects\git-opengl\opengl-light\opengl-light\opengl-light\main.cpp(127): warning C4244: '=' : conversion from 'double' to 'GLfloat', possible loss of data
     1>e:\vsprojects\git-opengl\opengl-light\opengl-light\opengl-light\main.cpp(128): warning C4244: '=' : conversion from 'double' to 'GLfloat', possible loss of data
     1>e:\vsprojects\git-opengl\opengl-light\opengl-light\opengl-light\main.cpp(131): warning C4244: 'initializing' : conversion from 'double' to 'GLfloat', possible loss of data
     1>e:\vsprojects\git-opengl\opengl-light\opengl-light\opengl-light\main.cpp(133): warning C4244: 'initializing' : conversion from 'double' to 'GLfloat', possible loss of data
     1>e:\vsprojects\git-opengl\opengl-light\opengl-light\opengl-light\main.cpp(135): warning C4244: '=' : conversion from 'double' to 'GLfloat', possible loss of data
     1>e:\vsprojects\git-opengl\opengl-light\opengl-light\opengl-light\main.cpp(136): warning C4244: '=' : conversion from 'double' to 'GLfloat', possible loss of data
     1>e:\vsprojects\git-opengl\opengl-light\opengl-light\opengl-light\main.cpp(141): warning C4244: 'argument' : conversion from 'double' to 'GLfloat', possible loss of data
         BTBind.cpp
     1>e:\vsprojects\git-opengl\opengl-light\opengl-light\opengl-light\readfile.h(19): warning C4996: 'strcpy': This function or variable may be unsafe. Consider using strcpy_s instead. To disable deprecation, use _CRT_SECURE_NO_WARNINGS. See online help for details.
                 e:\vs2013\vc\include\string.h(112) : see declaration of 'strcpy'
     1>e:\vsprojects\git-opengl\opengl-light\opengl-light\opengl-light\btbind.cpp(138): warning C4244: 'initializing' : conversion from 'double' to 'GLfloat', possible loss of data
     1>e:\vsprojects\git-opengl\opengl-light\opengl-light\opengl-light\btbind.cpp(217): warning C4305: 'argument' : truncation from 'double' to 'GLfloat'
     1>e:\vsprojects\git-opengl\opengl-light\opengl-light\opengl-light\btbind.cpp(218): warning C4305: 'argument' : truncation from 'double' to 'GLfloat'
         stb_image_implementation.cpp
         Generating Code...
       Link:
         E:\vs2013\VC\bin\link.exe /ERRORREPORT:PROMPT /OUT:"E:\vsprojects\git-opengl\opengl-light\opengl-light\Debug\opengl-light.exe" /INCREMENTAL /NOLOGO glew32s.lib glfw3.lib opengl32.lib glut32.lib glu32.lib kernel32.lib user32.lib gdi32.lib winspool.lib comdlg32.lib advapi32.lib shell32.lib ole32.lib oleaut32.lib uuid.lib odbc32.lib odbccp32.lib /MANIFEST /MANIFESTUAC:"level='asInvoker' uiAccess='false'" /manifest:embed /DEBUG /PDB:"E:\vsprojects\git-opengl\opengl-light\opengl-light\Debug\opengl-light.pdb" /SUBSYSTEM:CONSOLE /TLBID:1 /DYNAMICBASE /NXCOMPAT /IMPLIB:"E:\vsprojects\git-opengl\opengl-light\opengl-light\Debug\opengl-light.lib" /MACHINE:X86 Debug\stb_image_implementation.obj
         Debug\BTBind.obj
         Debug\main.obj
         LINK : E:\vsprojects\git-opengl\opengl-light\opengl-light\Debug\opengl-light.exe not found or not built by the last incremental link; performing full link
     1>LINK : warning LNK4098: defaultlib 'LIBCMT' conflicts with use of other libs; use /NODEFAULTLIB:library
     1>LINK : warning LNK4098: defaultlib 'MSVCRT' conflicts with use of other libs; use /NODEFAULTLIB:library
     1>glew32s.lib(glew.obj) : warning LNK4099: PDB 'vc120.pdb' was not found with 'glew32s.lib(glew.obj)' or at 'E:\vsprojects\git-opengl\opengl-light\opengl-light\Debug\vc120.pdb'; linking object as if no debug info
         opengl-light.vcxproj -> E:\vsprojects\git-opengl\opengl-light\opengl-light\Debug\opengl-light.exe
     1>Done Building Project "E:\vsprojects\git-opengl\opengl-light\opengl-light\opengl-light\opengl-light.vcxproj" (Build target(s)).

Build succeeded.

Time Elapsed 00:00:03.46
