Build started 2017/9/3 11:40:57.
     1>Project "E:\vsprojects\github-bigT\opengl-pc\opengl-study\opengl-study\opengl-study.vcxproj" on node 2 (Build target(s)).
     1>ClCompile:
         E:\vs2013\VC\bin\CL.exe /c /ZI /nologo /W3 /WX- /Od /Oy- /D WIN32 /D _DEBUG /D _CONSOLE /D _LIB /D _CRT_SECURE_NO_WARNINGS /D _UNICODE /D UNICODE /Gm- /EHsc /MDd /GS /Gy /fp:precise /Zc:wchar_t /Zc:forScope /Fo"Debug\\" /Fd"Debug\vc120.pdb" /Gd /TP /analyze- /errorReport:prompt Source.cpp
         Source.cpp
     1>e:\vsprojects\github-bigt\opengl-pc\opengl-study\opengl-study\source.cpp(89): warning C4244: '=' : conversion from 'double' to 'GLfloat', possible loss of data
     1>e:\vsprojects\github-bigt\opengl-pc\opengl-study\opengl-study\source.cpp(90): warning C4244: '=' : conversion from 'double' to 'GLfloat', possible loss of data
     1>e:\vsprojects\github-bigt\opengl-pc\opengl-study\opengl-study\source.cpp(94): warning C4244: 'initializing' : conversion from 'double' to 'GLfloat', possible loss of data
     1>e:\vsprojects\github-bigt\opengl-pc\opengl-study\opengl-study\source.cpp(96): warning C4244: 'initializing' : conversion from 'double' to 'GLfloat', possible loss of data
     1>e:\vsprojects\github-bigt\opengl-pc\opengl-study\opengl-study\source.cpp(98): warning C4244: '=' : conversion from 'double' to 'GLfloat', possible loss of data
     1>e:\vsprojects\github-bigt\opengl-pc\opengl-study\opengl-study\source.cpp(99): warning C4244: '=' : conversion from 'double' to 'GLfloat', possible loss of data
     1>e:\vsprojects\github-bigt\opengl-pc\opengl-study\opengl-study\source.cpp(107): warning C4244: '-=' : conversion from 'double' to 'GLfloat', possible loss of data
     1>e:\vsprojects\github-bigt\opengl-pc\opengl-study\opengl-study\source.cpp(128): warning C4244: 'initializing' : conversion from 'double' to 'GLfloat', possible loss of data
       Link:
         E:\vs2013\VC\bin\link.exe /ERRORREPORT:PROMPT /OUT:"E:\vsprojects\github-bigT\opengl-pc\opengl-study\Debug\opengl-study.exe" /INCREMENTAL /NOLOGO glfw3dll.lib glut32.lib glu32.lib opengl32.lib glew32.lib SOIL.lib kernel32.lib user32.lib gdi32.lib winspool.lib comdlg32.lib advapi32.lib shell32.lib ole32.lib oleaut32.lib uuid.lib odbc32.lib odbccp32.lib /MANIFEST /MANIFESTUAC:"level='asInvoker' uiAccess='false'" /manifest:embed /DEBUG /PDB:"E:\vsprojects\github-bigT\opengl-pc\opengl-study\Debug\opengl-study.pdb" /SUBSYSTEM:CONSOLE /TLBID:1 /DYNAMICBASE /NXCOMPAT /IMPLIB:"E:\vsprojects\github-bigT\opengl-pc\opengl-study\Debug\opengl-study.lib" /MACHINE:X86 Debug\BTbind.obj
         Debug\BTGLhandle.obj
         Debug\BTprogram.obj
         Debug\ReadFile.obj
         Debug\ReadImage.obj
         Debug\Source.obj
         opengl-study.vcxproj -> E:\vsprojects\github-bigT\opengl-pc\opengl-study\Debug\opengl-study.exe
     1>Done Building Project "E:\vsprojects\github-bigT\opengl-pc\opengl-study\opengl-study\opengl-study.vcxproj" (Build target(s)).

Build succeeded.

Time Elapsed 00:00:01.11
